gifMagic/build/outputs/apk/manifest-merger-debug-report.txt
-- Merging decision tree log ---
manifest
ADDED from AndroidManifest.xml:2:1
	package
		ADDED from AndroidManifest.xml:3:2
		INJECTED from AndroidManifest.xml:0:0
		INJECTED from AndroidManifest.xml:0:0
	android:versionName
		ADDED from AndroidManifest.xml:3:43
	android:versionCode
		ADDED from AndroidManifest.xml:4:2
		INJECTED from AndroidManifest.xml:0:0
		INJECTED from AndroidManifest.xml:0:0
	xmlns:android
		ADDED from AndroidManifest.xml:2:11
application
ADDED from AndroidManifest.xml:5:5
	android:label
		ADDED from AndroidManifest.xml:6:33
	android:icon
		ADDED from AndroidManifest.xml:6:3
	android:name
		ADDED from AndroidManifest.xml:5:18
service#com.jecfbagsx.android.gifmagic.service.GifService
ADDED from AndroidManifest.xml:8:3
	android:exported
		ADDED from AndroidManifest.xml:8:47
	android:name
		ADDED from AndroidManifest.xml:8:12
intent-filter#android.intent.action.GIFSERVICE
ADDED from AndroidManifest.xml:9:4
action#android.intent.action.GIFSERVICE
ADDED from AndroidManifest.xml:10:5
	android:name
		ADDED from AndroidManifest.xml:10:13
receiver#com.jecfbagsx.android.gifmagic.service.CommandReceiver
ADDED from AndroidManifest.xml:13:3
	android:name
		ADDED from AndroidManifest.xml:13:13
intent-filter#android.intent.action.COMMANDRECEIVER
ADDED from AndroidManifest.xml:14:4
action#android.intent.action.COMMANDRECEIVER
ADDED from AndroidManifest.xml:15:5
	android:name
		ADDED from AndroidManifest.xml:15:13
activity#com.jecfbagsx.android.gifmagic.Splash
ADDED from AndroidManifest.xml:18:3
	android:screenOrientation
		ADDED from AndroidManifest.xml:18:69
	android:label
		ADDED from AndroidManifest.xml:18:36
	android:configChanges
		ADDED from AndroidManifest.xml:19:4
	android:name
		ADDED from AndroidManifest.xml:18:13
intent-filter#android.intent.action.MAIN+android.intent.category.LAUNCHER
ADDED from AndroidManifest.xml:20:4
action#android.intent.action.MAIN
ADDED from AndroidManifest.xml:21:5
	android:name
		ADDED from AndroidManifest.xml:21:13
category#android.intent.category.LAUNCHER
ADDED from AndroidManifest.xml:22:5
	android:name
		ADDED from AndroidManifest.xml:22:15
intent-filter#android.intent.action.CREATE_SHORTCUT
ADDED from AndroidManifest.xml:24:4
action#android.intent.action.CREATE_SHORTCUT
ADDED from AndroidManifest.xml:25:5
	android:name
		ADDED from AndroidManifest.xml:25:13
activity#com.jecfbagsx.android.gifmagic.MainActivity
ADDED from AndroidManifest.xml:29:3
	android:screenOrientation
		ADDED from AndroidManifest.xml:30:4
	android:theme
		ADDED from AndroidManifest.xml:30:41
	android:name
		ADDED from AndroidManifest.xml:29:13
intent-filter#android.intent.category.DEFAULT+com.jecfbagsx.android.gifmagic.action.MAIN
ADDED from AndroidManifest.xml:31:4
action#com.jecfbagsx.android.gifmagic.action.MAIN
ADDED from AndroidManifest.xml:32:5
	android:name
		ADDED from AndroidManifest.xml:32:13
category#android.intent.category.DEFAULT
ADDED from AndroidManifest.xml:33:5
	android:name
		ADDED from AndroidManifest.xml:33:15
activity#com.jecfbagsx.android.gifmagic.AboutActivity
ADDED from AndroidManifest.xml:36:3
	android:screenOrientation
		ADDED from AndroidManifest.xml:37:4
	android:theme
		ADDED from AndroidManifest.xml:37:41
	android:name
		ADDED from AndroidManifest.xml:36:13
intent-filter#android.intent.category.DEFAULT+com.jecfbagsx.android.gifmagic.action.ABOUT
ADDED from AndroidManifest.xml:38:4
action#com.jecfbagsx.android.gifmagic.action.ABOUT
ADDED from AndroidManifest.xml:39:5
	android:name
		ADDED from AndroidManifest.xml:39:13
activity#com.jecfbagsx.android.gifmagic.SettingActivity
ADDED from AndroidManifest.xml:43:3
	android:screenOrientation
		ADDED from AndroidManifest.xml:44:4
	android:name
		ADDED from AndroidManifest.xml:43:13
intent-filter#android.intent.category.DEFAULT+com.jecfbagsx.android.gifmagic.action.SETTING
ADDED from AndroidManifest.xml:45:4
action#com.jecfbagsx.android.gifmagic.action.SETTING
ADDED from AndroidManifest.xml:46:5
	android:name
		ADDED from AndroidManifest.xml:46:13
activity#com.jecfbagsx.android.gifmagic.SettingsPreference
ADDED from AndroidManifest.xml:50:3
	android:screenOrientation
		ADDED from AndroidManifest.xml:51:4
	android:name
		ADDED from AndroidManifest.xml:50:13
intent-filter#android.intent.category.DEFAULT+com.jecfbagsx.android.gifmagic.action.APPSETTING
ADDED from AndroidManifest.xml:52:4
action#com.jecfbagsx.android.gifmagic.action.APPSETTING
ADDED from AndroidManifest.xml:53:5
	android:name
		ADDED from AndroidManifest.xml:53:13
activity#com.jecfbagsx.android.gifmagic.MultipleImageSelectionActivity
ADDED from AndroidManifest.xml:57:3
	android:screenOrientation
		ADDED from AndroidManifest.xml:58:4
	android:theme
		ADDED from AndroidManifest.xml:58:41
	android:name
		ADDED from AndroidManifest.xml:57:13
intent-filter#android.intent.category.DEFAULT+com.jecfbagsx.android.gifmagic.action.MULTIPLE_SELECTION
ADDED from AndroidManifest.xml:59:4
action#com.jecfbagsx.android.gifmagic.action.MULTIPLE_SELECTION
ADDED from AndroidManifest.xml:60:5
	android:name
		ADDED from AndroidManifest.xml:60:13
activity#com.jecfbagsx.android.gifmagic.CameraView
ADDED from AndroidManifest.xml:64:3
	android:theme
		ADDED from AndroidManifest.xml:64:40
	android:name
		ADDED from AndroidManifest.xml:64:13
intent-filter#android.intent.category.DEFAULT+com.jecfbagsx.android.gifmagic.action.PREVIEW_CAPTURE
ADDED from AndroidManifest.xml:65:4
action#com.jecfbagsx.android.gifmagic.action.PREVIEW_CAPTURE
ADDED from AndroidManifest.xml:66:5
	android:name
		ADDED from AndroidManifest.xml:66:13
activity#com.jecfbagsx.android.gifmagic.WeiboEditActivity
ADDED from AndroidManifest.xml:70:3
	android:screenOrientation
		ADDED from AndroidManifest.xml:71:4
	android:theme
		ADDED from AndroidManifest.xml:70:47
	android:name
		ADDED from AndroidManifest.xml:70:13
activity#com.jecfbagsx.android.gifmagic.WeiboAtFriendsActivity
ADDED from AndroidManifest.xml:72:3
	android:screenOrientation
		ADDED from AndroidManifest.xml:73:4
	android:theme
		ADDED from AndroidManifest.xml:72:52
	android:name
		ADDED from AndroidManifest.xml:72:13
activity#com.jecfbagsx.android.gifmagic.WebViewActivity
ADDED from AndroidManifest.xml:74:3
	android:screenOrientation
		ADDED from AndroidManifest.xml:75:4
	android:theme
		ADDED from AndroidManifest.xml:74:45
	android:name
		ADDED from AndroidManifest.xml:74:13
activity#com.jecfbagsx.android.gifmagic.HistoryActivity
ADDED from AndroidManifest.xml:76:3
	android:screenOrientation
		ADDED from AndroidManifest.xml:77:4
	android:name
		ADDED from AndroidManifest.xml:76:13
intent-filter#android.intent.category.DEFAULT+com.jecfbagsx.android.gifmagic.action.HISTORY
ADDED from AndroidManifest.xml:78:4
action#com.jecfbagsx.android.gifmagic.action.HISTORY
ADDED from AndroidManifest.xml:79:5
	android:name
		ADDED from AndroidManifest.xml:79:13
activity#com.jecfbagsx.android.gifmagic.PreviewActvity
ADDED from AndroidManifest.xml:83:3
	android:screenOrientation
		ADDED from AndroidManifest.xml:84:4
	android:theme
		ADDED from AndroidManifest.xml:84:41
	android:name
		ADDED from AndroidManifest.xml:83:13
activity#com.jecfbagsx.android.gifmagic.PhotoAlbumActivity
ADDED from AndroidManifest.xml:85:3
	android:screenOrientation
		ADDED from AndroidManifest.xml:86:4
	android:theme
		ADDED from AndroidManifest.xml:86:41
	android:name
		ADDED from AndroidManifest.xml:85:13
intent-filter#android.intent.category.DEFAULT+com.jecfbagsx.android.gifmagic.action.GALLERY
ADDED from AndroidManifest.xml:87:4
action#com.jecfbagsx.android.gifmagic.action.GALLERY
ADDED from AndroidManifest.xml:88:5
	android:name
		ADDED from AndroidManifest.xml:88:13
activity#com.jecfbagsx.android.gifmagic.HelpActivity
ADDED from AndroidManifest.xml:92:3
	android:screenOrientation
		ADDED from AndroidManifest.xml:93:4
	android:theme
		ADDED from AndroidManifest.xml:93:41
	android:name
		ADDED from AndroidManifest.xml:92:13
intent-filter#android.intent.category.DEFAULT+com.jecfbagsx.android.gifmagic.action.HELP
ADDED from AndroidManifest.xml:94:4
action#com.jecfbagsx.android.gifmagic.action.HELP
ADDED from AndroidManifest.xml:95:5
	android:name
		ADDED from AndroidManifest.xml:95:13
activity#com.jecfbagsx.android.gifmagic.ShareActivity
ADDED from AndroidManifest.xml:99:3
	android:screenOrientation
		ADDED from AndroidManifest.xml:100:4
	android:theme
		ADDED from AndroidManifest.xml:100:41
	android:name
		ADDED from AndroidManifest.xml:99:13
intent-filter#android.intent.category.DEFAULT+com.jecfbagsx.android.gifmagic.action.SHARE
ADDED from AndroidManifest.xml:101:4
action#com.jecfbagsx.android.gifmagic.action.SHARE
ADDED from AndroidManifest.xml:102:5
	android:name
		ADDED from AndroidManifest.xml:102:13
activity#com.jecfbagsx.android.gifmagic.ProgressTabActivity
ADDED from AndroidManifest.xml:106:3
	android:screenOrientation
		ADDED from AndroidManifest.xml:107:4
	android:theme
		ADDED from AndroidManifest.xml:107:41
	android:name
		ADDED from AndroidManifest.xml:106:13
activity#com.jecfbagsx.android.gifmagic.GifGenerateActivity
ADDED from AndroidManifest.xml:108:3
	android:screenOrientation
		ADDED from AndroidManifest.xml:109:4
	android:theme
		ADDED from AndroidManifest.xml:109:41
	android:name
		ADDED from AndroidManifest.xml:108:13
activity#com.jecfbagsx.android.gifmagic.VideoCaptureActivity
ADDED from AndroidManifest.xml:110:3
	android:screenOrientation
		ADDED from AndroidManifest.xml:111:4
	android:theme
		ADDED from AndroidManifest.xml:111:41
	android:name
		ADDED from AndroidManifest.xml:110:13
intent-filter#android.intent.category.DEFAULT+com.jecfbagsx.android.gifmagic.action.VIDEOCAPTURE
ADDED from AndroidManifest.xml:112:4
action#com.jecfbagsx.android.gifmagic.action.VIDEOCAPTURE
ADDED from AndroidManifest.xml:113:5
	android:name
		ADDED from AndroidManifest.xml:113:13
activity#com.jecfbagsx.android.gifmagic.PhotoEditActivity
ADDED from AndroidManifest.xml:117:3
	android:screenOrientation
		ADDED from AndroidManifest.xml:118:4
	android:theme
		ADDED from AndroidManifest.xml:118:41
	android:name
		ADDED from AndroidManifest.xml:117:13
intent-filter#android.intent.category.DEFAULT+com.jecfbagsx.android.gifmagic.action.PHOTOEDIT
ADDED from AndroidManifest.xml:119:4
action#com.jecfbagsx.android.gifmagic.action.PHOTOEDIT
ADDED from AndroidManifest.xml:120:5
	android:name
		ADDED from AndroidManifest.xml:120:13
activity#com.jecfbagsx.android.gifmagic.ColorPaletteActivity
ADDED from AndroidManifest.xml:124:3
	android:screenOrientation
		ADDED from AndroidManifest.xml:125:4
	android:theme
		ADDED from AndroidManifest.xml:125:41
	android:name
		ADDED from AndroidManifest.xml:124:13
intent-filter#android.intent.category.DEFAULT+com.jecfbagsx.android.gifmagic.action.COLORPALETTE
ADDED from AndroidManifest.xml:126:4
action#com.jecfbagsx.android.gifmagic.action.COLORPALETTE
ADDED from AndroidManifest.xml:127:5
	android:name
		ADDED from AndroidManifest.xml:127:13
activity#com.renren.api.connect.android.AuthorizationHelper$BlockActivity
ADDED from AndroidManifest.xml:132:3
	android:theme
		ADDED from AndroidManifest.xml:134:4
	android:name
		ADDED from AndroidManifest.xml:133:4
activity#com.renren.api.connect.android.photos.UploadPhotoActivity
ADDED from AndroidManifest.xml:137:3
	android:name
		ADDED from AndroidManifest.xml:137:13
meta-data#UMENG_APPKEY
ADDED from AndroidManifest.xml:141:3
	android:value
		ADDED from AndroidManifest.xml:141:14
	android:name
		ADDED from AndroidManifest.xml:142:4
meta-data#UMENG_CHANNEL
ADDED from AndroidManifest.xml:144:3
	android:value
		ADDED from AndroidManifest.xml:144:14
	android:name
		ADDED from AndroidManifest.xml:144:36
meta-data#video_capture_enable
ADDED from AndroidManifest.xml:145:3
	android:value
		ADDED from AndroidManifest.xml:145:50
	android:name
		ADDED from AndroidManifest.xml:145:14
supports-screens
ADDED from AndroidManifest.xml:148:2
	android:largeScreens
		ADDED from AndroidManifest.xml:148:20
	android:smallScreens
		ADDED from AndroidManifest.xml:149:32
	android:normalScreens
		ADDED from AndroidManifest.xml:149:3
	android:anyDensity
		ADDED from AndroidManifest.xml:150:3
uses-permission#android.permission.MOUNT_UNMOUNT_FILESYSTEMS
ADDED from AndroidManifest.xml:151:2
	android:name
		ADDED from AndroidManifest.xml:151:19
uses-permission#android.permission.WRITE_EXTERNAL_STORAGE
ADDED from AndroidManifest.xml:152:2
	android:name
		ADDED from AndroidManifest.xml:152:19
uses-permission#android.permission.CAMERA
ADDED from AndroidManifest.xml:153:2
	android:name
		ADDED from AndroidManifest.xml:153:19
uses-permission#android.permission.ACCESS_COARSE_LOCATION
ADDED from AndroidManifest.xml:154:2
	android:name
		ADDED from AndroidManifest.xml:154:19
uses-permission#android.permission.INTERNET
ADDED from AndroidManifest.xml:155:5
	android:name
		ADDED from AndroidManifest.xml:155:22
uses-permission#android.permission.ACCESS_WIFI_STATE
ADDED from AndroidManifest.xml:156:2
	android:name
		ADDED from AndroidManifest.xml:156:19
uses-permission#android.permission.ACCESS_NETWORK_STATE
ADDED from AndroidManifest.xml:157:2
	android:name
		ADDED from AndroidManifest.xml:157:19
uses-permission#com.android.launcher.permission.INSTALL_SHORTCUT
ADDED from AndroidManifest.xml:158:2
	android:name
		ADDED from AndroidManifest.xml:158:19
uses-permission#com.android.launcher.permission.UNINSTALL_SHORTCUT
ADDED from AndroidManifest.xml:159:2
	android:name
		ADDED from AndroidManifest.xml:159:19
uses-permission#com.android.launcher.permission.READ_SETTINGS
ADDED from AndroidManifest.xml:160:2
	android:name
		ADDED from AndroidManifest.xml:160:19
uses-permission#android.permission.READ_PHONE_STATE
ADDED from AndroidManifest.xml:161:2
	android:name
		ADDED from AndroidManifest.xml:161:19
uses-permission#android.permission.ACCESS_FINE_LOCATION
ADDED from AndroidManifest.xml:162:2
	android:name
		ADDED from AndroidManifest.xml:162:19
uses-permission#android.permission.RESTART_PACKAGES
ADDED from AndroidManifest.xml:163:2
	android:name
		ADDED from AndroidManifest.xml:163:19
uses-permission#android.permission.READ_LOGS
ADDED from AndroidManifest.xml:164:2
	android:name
		ADDED from AndroidManifest.xml:164:19
uses-sdk
ADDED from AndroidManifest.xml:165:2
	android:targetSdkVersion
		ADDED from AndroidManifest.xml:165:38
		INJECTED from AndroidManifest.xml:0:0
		INJECTED from AndroidManifest.xml:0:0
	android:minSdkVersion
		ADDED from AndroidManifest.xml:165:12
		INJECTED from AndroidManifest.xml:0:0
		INJECTED from AndroidManifest.xml:0:0